\BOOKMARK [1][-]{section.1}{Introduction}{}% 1
\BOOKMARK [1][-]{section.2}{Use Case}{}% 2
\BOOKMARK [2][-]{subsection.2.1}{Main Goal}{section.2}% 3
\BOOKMARK [2][-]{subsection.2.2}{Scaling policy}{section.2}% 4
\BOOKMARK [2][-]{subsection.2.3}{Resource utilization}{section.2}% 5
\BOOKMARK [1][-]{section.3}{Architecture}{}% 6
\BOOKMARK [2][-]{subsection.3.1}{High-level diagram}{section.3}% 7
\BOOKMARK [2][-]{subsection.3.2}{Microservice architecture}{section.3}% 8
\BOOKMARK [3][-]{subsubsection.3.2.1}{Passive Microservices}{subsection.3.2}% 9
\BOOKMARK [3][-]{subsubsection.3.2.2}{Active Microservices}{subsection.3.2}% 10
\BOOKMARK [2][-]{subsection.3.3}{Other/Common Microservices and Databases}{section.3}% 11
\BOOKMARK [1][-]{section.4}{Deployment}{}% 12
\BOOKMARK [2][-]{subsection.4.1}{Containers}{section.4}% 13
\BOOKMARK [2][-]{subsection.4.2}{Previous Requirements}{section.4}% 14
\BOOKMARK [2][-]{subsection.4.3}{Microservices}{section.4}% 15
\BOOKMARK [3][-]{subsubsection.4.3.1}{Passive}{subsection.4.3}% 16
\BOOKMARK [3][-]{subsubsection.4.3.2}{Active}{subsection.4.3}% 17
\BOOKMARK [3][-]{subsubsection.4.3.3}{Other}{subsection.4.3}% 18
\BOOKMARK [1][-]{section.5}{Quickstart}{}% 19
\BOOKMARK [2][-]{subsection.5.1}{Container Scaler deployment}{section.5}% 20
\BOOKMARK [2][-]{subsection.5.2}{Initializing the container's limit}{section.5}% 21
\BOOKMARK [2][-]{subsection.5.3}{Initializing State Database}{section.5}% 22
\BOOKMARK [2][-]{subsection.5.4}{Start the Orchestrator}{section.5}% 23
\BOOKMARK [2][-]{subsection.5.5}{Starting the services}{section.5}% 24
\BOOKMARK [2][-]{subsection.5.6}{Transitioning the containers to serverless instances}{section.5}% 25
\BOOKMARK [2][-]{subsection.5.7}{Returning the containers to traditional instances}{section.5}% 26
\BOOKMARK [2][-]{subsection.5.8}{Shutting everything down}{section.5}% 27
\BOOKMARK [2][-]{subsection.5.9}{Orchestrator's API}{section.5}% 28
\BOOKMARK [1][-]{section.6}{Configuration}{}% 29
\BOOKMARK [2][-]{subsection.6.1}{Responsiveness}{section.6}% 30
\BOOKMARK [2][-]{subsection.6.2}{Benevolence}{section.6}% 31
\BOOKMARK [2][-]{subsection.6.3}{Rule Configuration}{section.6}% 32
\BOOKMARK [2][-]{subsection.6.4}{Service Configuration}{section.6}% 33
\BOOKMARK [1][-]{section.7}{Contact}{}% 34
\BOOKMARK [0][-]{section.7}{References}{}% 35
